{"C:\\Users\\son\\Desktop\\es6ModuleTest\\add.js": {"path":"C:\\Users\\son\\Desktop\\es6ModuleTest\\add.js","statementMap":{"0":{"start":{"line":2,"column":4},"end":{"line":2,"column":17}}},"fnMap":{"0":{"name":"add","decl":{"start":{"line":1,"column":9},"end":{"line":1,"column":12}},"loc":{"start":{"line":1,"column":19},"end":{"line":3,"column":3}},"line":1}},"branchMap":{},"s":{"0":1},"f":{"0":1},"b":{},"_coverageSchema":"1a1c01bbd47fc00a2c39e90264f33305004495a9","hash":"3f9a6f5a00b86d9b6700b0ae7800a5118d4a5710"}
,"C:\\Users\\son\\Desktop\\es6ModuleTest\\connectionManager.js": {"path":"C:\\Users\\son\\Desktop\\es6ModuleTest\\connectionManager.js","statementMap":{"0":{"start":{"line":7,"column":8},"end":{"line":7,"column":70}},"1":{"start":{"line":13,"column":8},"end":{"line":13,"column":35}},"2":{"start":{"line":19,"column":8},"end":{"line":19,"column":51}}},"fnMap":{"0":{"name":"(anonymous_0)","decl":{"start":{"line":6,"column":4},"end":{"line":6,"column":5}},"loc":{"start":{"line":6,"column":18},"end":{"line":9,"column":5}},"line":6},"1":{"name":"(anonymous_1)","decl":{"start":{"line":11,"column":4},"end":{"line":11,"column":5}},"loc":{"start":{"line":11,"column":22},"end":{"line":15,"column":5}},"line":11},"2":{"name":"(anonymous_2)","decl":{"start":{"line":17,"column":4},"end":{"line":17,"column":5}},"loc":{"start":{"line":17,"column":20},"end":{"line":21,"column":5}},"line":17}},"branchMap":{},"s":{"0":1,"1":1,"2":1},"f":{"0":1,"1":1,"2":1},"b":{},"_coverageSchema":"1a1c01bbd47fc00a2c39e90264f33305004495a9","hash":"75f5e7208082d5fde1a81158c89a2ef7c412b5e9"}
}
